<?xml version="1.0" encoding="UTF-8"?>
<!-- Generated by org.testng.reporters.JUnitReportReporter -->
<testsuite hostname="WIN864" name="Weblink.TC_001_WeblinkHandle" tests="5" failures="0" timestamp="30 Sep 2016 09:49:11 GMT" time="29.356" errors="0">
  <testcase name="TC_002_Edit_Weblink" time="7.172" classname="Weblink.TC_001_WeblinkHandle"/>
  <testcase name="TC_003_Publish_An_Weblink" time="2.235" classname="Weblink.TC_001_WeblinkHandle"/>
  <testcase name="TC_004_Unpublish_An_Weblink" time="2.159" classname="Weblink.TC_001_WeblinkHandle"/>
  <testcase name="TC_005_Move_An_Weblink_To_Archive" time="2.926" classname="Weblink.TC_001_WeblinkHandle"/>
  <testcase name="TC_001_Create_New_Weblink_With_Valid_Information" time="14.864" classname="Weblink.TC_001_WeblinkHandle"/>
</testsuite> <!-- Weblink.TC_001_WeblinkHandle -->
