<?xml version="1.0" encoding="UTF-8"?>
<!-- Generated by org.testng.reporters.JUnitReportReporter -->
<testsuite hostname="asiantech-PC" name="TestPackage.TestStore" tests="1" failures="0" timestamp="11 May 2017 13:46:14 GMT" time="3.243" errors="0">
  <testcase name="TC_001_CreateNewTransaction" time="3.243" classname="TestPackage.TestStore"/>
</testsuite> <!-- TestPackage.TestStore -->
